<?xml version="1.0" encoding="UTF-8"?>
<!-- Generated by org.testng.reporters.JUnitReportReporter -->
<testsuite skipped="0" hostname="DESKTOP-2RDS1F0" name="com.test.app.org.Execution_main" tests="5" failures="0" timestamp="2022-03-29T01:02:12 IST" time="31.516" errors="0">
  <testcase name="TestMethod" time="0.000" classname="com.test.app.org.Execution_main"/>
  <system-out/>
  <testcase name="TestMethod" time="0.000" classname="com.test.app.org.Execution_main"/>
  <system-out/>
  <testcase name="TestMethod" time="31.515" classname="com.test.app.org.Execution_main"/>
  <system-out/>
  <testcase name="TestMethod" time="0.000" classname="com.test.app.org.Execution_main"/>
  <system-out/>
  <testcase name="TestMethod" time="0.001" classname="com.test.app.org.Execution_main"/>
  <system-out/>
</testsuite> <!-- com.test.app.org.Execution_main -->
