<?xml version="1.0" encoding="UTF-8"?>
<!-- Generated by org.testng.reporters.JUnitReportReporter -->
<testsuite hostname="DESKTOP-2RDS1F0" failures="0" tests="4" name="com.test.app.org.Login" time="27.258" errors="0" timestamp="2022-03-28T16:35:51 IST" skipped="0">
  <testcase classname="com.test.app.org.Login" name="TestMethod" time="27.249"/>
  <system-out/>
  <testcase classname="com.test.app.org.Login" name="TestMethod" time="0.003"/>
  <system-out/>
  <testcase classname="com.test.app.org.Login" name="TestMethod" time="0.002"/>
  <system-out/>
  <testcase classname="com.test.app.org.Login" name="TestMethod" time="0.004"/>
  <system-out/>
</testsuite> <!-- com.test.app.org.Login -->
